C 0.-1429402676 2009-07-30 15:47:18.436894
D 0.-1429402676 2009-07-30 15:47:21.349080 302 0
A 0.-1429402676 2009-07-30 15:47:21.349080 302 0
E 0.-1429402676 2009-07-30 15:47:21.349251
B 0.-1451819092 2009-07-30 15:47:21.560343 GET /columns/t-jansen
I 0.-1451819092 2009-07-30 15:47:21.560763 0
C 0.-1451819092 2009-07-30 15:47:21.561006
A 0.-1451819092 2009-07-30 15:47:22.199266 200 93638
E 0.-1451819092 2009-07-30 15:47:22.199799
B 0.-1444488820 2009-07-30 15:47:22.326074 GET /space-travel/plans/supplies.txt
I 0.-1444488820 2009-07-30 15:47:22.326470 0
C 0.-1444488820 2009-07-30 15:47:22.326749
A 0.-1444488820 2009-07-30 15:48:22.330180 304 0
E 0.-1444488820 2009-07-30 15:48:22.330342
B 0.-1451819828 2009-07-30 15:48:22.461693 GET /space-travel/plans/moon-base.jpg
I 0.-1451819828 2009-07-30 15:48:22.462072 0
C 0.-1451819828 2009-07-30 15:48:22.462377
A 0.-1451819828 2009-07-30 15:48:22.465851 304 0
E 0.-1451819828 2009-07-30 15:48:22.466004
B 0.-1451079668 2009-07-30 15:48:22.610208 GET /space-travel/plans/launchpad.html
I 0.-1451079668 2009-07-30 15:48:22.610608 0
C 0.-1451079668 2009-07-30 15:48:22.610858
A 0.-1451079668 2009-07-30 15:48:22.614381 304 0
E 0.-1451079668 2009-07-30 15:48:22.614542
B 0.-1451822804 2009-07-30 15:48:22.727420 GET /constellations/andromeda.html
I 0.-1451822804 2009-07-30 15:48:22.727803 47
C 0.-1451822804 2009-07-30 15:48:22.729198
B 0.-1447142132 2009-07-30 15:48:22.752054 GET /space-travel/plans/space-logs.txt
I 0.-1447142132 2009-07-30 15:48:22.752441 0
B 0.-1452075572 2009-07-30 15:49:23.519245 POST /approve-photo
I 0.-1452075572 2009-07-30 15:49:23.568230 166
A 0.-1451822804 2009-07-30 15:49:25.147638 500 84
E 0.-1451822804 2009-07-30 15:49:25.147826
C 0.-1447142132 2009-07-30 15:49:25.148249
A 0.-1447142132 2009-07-30 15:49:25.152085 200 9229
E 0.-1447142132 2009-07-30 15:49:25.152360
C 0.-1452075572 2009-07-30 15:49:25.152746
B 0.-1451734452 2009-07-30 15:49:25.355541 GET /space-travel/plans/cryostasis.txt
I 0.-1451734452 2009-07-30 15:49:25.355887 0
A 0.-1452075572 2009-07-30 15:49:25.405454 200 17
E 0.-1452075572 2009-07-30 15:49:25.405612
C 0.-1451734452 2009-07-30 15:49:25.406003
A 0.-1451734452 2009-07-30 15:49:25.409328 200 6169
E 0.-1451734452 2009-07-30 15:49:25.409483
B 0.-1451822804 2009-07-30 15:50:25.437048 GET /faqs/how-to-recognize-lazer-fire.html
I 0.-1451822804 2009-07-30 15:50:25.437329 0
C 0.-1451822804 2009-07-30 15:50:25.437536
A 0.-1451822804 2009-07-30 15:50:25.627659 200 68080
B 0.-1302919956 2009-07-30 15:50:25.628008 POST /submit-photo
E 0.-1451822804 2009-07-30 15:50:25.628366
I 0.-1302919956 2009-07-30 15:50:25.628444 55
B 0.-1302917172 2009-07-30 15:50:25.628924 POST /login
C 0.-1302919956 2009-07-30 15:50:25.629222
I 0.-1302917172 2009-07-30 15:50:25.629321 117
B 0.-1449313684 2009-07-30 15:50:26.041970 GET /favicon.png
I 0.-1449313684 2009-07-30 15:50:26.042345 0
C 0.-1302917172 2009-07-30 15:50:26.100735
A 0.-1302917172 2009-07-30 15:50:26.116404 302 10
E 0.-1302917172 2009-07-30 15:50:26.116563
C 0.-1449313684 2009-07-30 15:50:26.117086
A 0.-1449313684 2009-07-30 15:51:26.251358 404 50862
B 0.-1428979956 2009-07-30 15:51:26.251489 GET /faqs/how-to-recognize-lazer-fire.html
E 0.-1449313684 2009-07-30 15:51:26.252164
I 0.-1428979956 2009-07-30 15:51:26.252274 0
C 0.-1428979956 2009-07-30 15:51:26.252952
A 0.-1428979956 2009-07-30 15:51:26.437438 200 68080
E 0.-1428979956 2009-07-30 15:51:26.437816
B 0.-1447439956 2009-07-30 15:51:26.443603 GET /space-travelers/famous/kirk.jpg
I 0.-1447439956 2009-07-30 15:51:26.443993 0
C 0.-1447439956 2009-07-30 15:51:26.444325
A 0.-1447439956 2009-07-30 15:51:26.462018 200 12363
E 0.-1447439956 2009-07-30 15:51:26.462267
B 0.-1452020020 2009-07-30 15:51:26.703761 GET /space-travel/plans/moon-buggy.jpg
I 0.-1452020020 2009-07-30 15:51:26.704142 0
C 0.-1452020020 2009-07-30 15:51:26.704459
A 0.-1452020020 2009-07-30 15:51:26.708426 200 13352
E 0.-1452020020 2009-07-30 15:51:26.708688
B 0.-1316900564 2009-07-30 15:51:26.902012 GET /space-travel/plans/moon-base.jpg
I 0.-1316900564 2009-07-30 15:51:26.902406 0
C 0.-1316900564 2009-07-30 15:51:26.902714
A 0.-1316900564 2009-07-30 15:51:26.906228 200 41724
E 0.-1316900564 2009-07-30 15:51:26.906526
B 0.-1316900500 2009-07-30 15:51:26.923493 GET /space-travel/plans/launchpad.html
I 0.-1316900500 2009-07-30 15:51:26.923870 0
C 0.-1316900500 2009-07-30 15:51:26.924480
B 0.-1451735092 2009-07-30 15:51:26.926861 GET /space-travel/plans/space-suit.jpg
I 0.-1451735092 2009-07-30 15:51:26.927643 0
A 0.-1316900500 2009-07-30 15:51:26.928712 200 23930
E 0.-1316900500 2009-07-30 15:52:26.929032
C 0.-1451735092 2009-07-30 15:52:26.929398
A 0.-1451735092 2009-07-30 15:52:26.932609 200 8874
E 0.-1451735092 2009-07-30 15:52:26.932822
B 0.-1449537908 2009-07-30 15:52:27.072593 GET /planets/saturn.html
I 0.-1449537908 2009-07-30 15:52:27.072996 0
C 0.-1449537908 2009-07-30 15:52:27.073267
B 0.-1446157716 2009-07-30 15:52:27.804192 GET /space-travel/plans/space-diary.txt
I 0.-1446157716 2009-07-30 15:52:27.804592 0
B 0.-1451398452 2009-07-30 15:52:28.142720 GET /space-travel/ships/tardis.html
I 0.-1451398452 2009-07-30 15:52:28.143129 0
A 0.-1449537908 2009-07-30 15:52:36.766928 200 80348
E 0.-1449537908 2009-07-30 15:52:36.767267
C 0.-1446157716 2009-07-30 15:52:36.767650
A 0.-1446157716 2009-07-30 15:52:36.771444 200 11509
E 0.-1446157716 2009-07-30 15:52:36.771662
C 0.-1451398452 2009-07-30 15:52:36.772062
A 0.-1451398452 2009-07-30 15:52:37.092002 200 140899
E 0.-1451398452 2009-07-30 15:52:37.092674
B 0.-1449537620 2009-07-30 15:52:37.250550 GET /space-travel/plans/supplies.txt
I 0.-1449537620 2009-07-30 15:52:37.250985 0
C 0.-1449537620 2009-07-30 15:52:37.251283
A 0.-1449537620 2009-07-30 15:52:37.254655 200 4634
E 0.-1449537620 2009-07-30 15:52:37.254822
B 0.-1432095860 2009-07-30 15:52:37.416180 GET /moons/io.html
I 0.-1432095860 2009-07-30 15:52:37.416546 0
C 0.-1432095860 2009-07-30 15:52:37.416879
B 0.-1452077908 2009-07-30 15:52:38.021796 GET /space-travel/plans/lunar-cycles.html
I 0.-1452077908 2009-07-30 15:52:38.022227 0
B 0.-1452077108 2009-07-30 15:52:38.024492 GET /stars/alpha-centauri.html
I 0.-1452077108 2009-07-30 15:52:38.024763 0
A 0.-1432095860 2009-07-30 15:52:45.716409 200 84416
B 0.-1450432916 2009-07-30 15:52:45.716542 GET /faqs/how-to-charge-lazers.html
I 0.-1450432916 2009-07-30 15:52:45.717316 0
E 0.-1432095860 2009-07-30 15:52:45.717481
C 0.-1452077908 2009-07-30 15:52:45.718153
A 0.-1452077908 2009-07-30 15:52:45.721679 200 23930
E 0.-1452077908 2009-07-30 15:52:45.721959
C 0.-1452077108 2009-07-30 15:52:45.722393
B 0.-1452079956 2009-07-30 15:53:46.122502 GET /space-travel/plans/space-logs.txt
I 0.-1452079956 2009-07-30 15:53:46.122892 0
B 0.-1450441812 2009-07-30 15:53:46.893894 GET /planets/jupiter.html
I 0.-1450441812 2009-07-30 15:53:46.895532 0
A 0.-1452077108 2009-07-30 15:53:47.224805 200 85562
E 0.-1452077108 2009-07-30 15:53:47.225152
C 0.-1450432916 2009-07-30 15:53:47.225629
A 0.-1450432916 2009-07-30 15:53:47.576384 200 72972
E 0.-1450432916 2009-07-30 15:53:47.576766
C 0.-1452079956 2009-07-30 15:53:47.577168
A 0.-1452079956 2009-07-30 15:53:47.580553 200 9229
E 0.-1452079956 2009-07-30 15:53:47.580769
C 0.-1450441812 2009-07-30 15:53:47.581132
B 0.-1316936084 2009-07-30 15:53:47.877642 GET /space-travelers/famous/kirk.jpg
I 0.-1316936084 2009-07-30 15:53:47.878035 0
B 0.-1459198900 2009-07-30 15:53:49.483239 GET /space-travel/plans/signals.html
I 0.-1459198900 2009-07-30 15:53:49.483620 0
B 0.-1459203636 2009-07-30 15:53:50.804934 POST /ufo-sightings/report
I 0.-1459203636 2009-07-30 15:53:50.805338 0
A 0.-1450441812 2009-07-30 15:53:54.920706 200 84573
E 0.-1450441812 2009-07-30 15:53:54.921054
C 0.-1316936084 2009-07-30 15:53:54.921448
A 0.-1316936084 2009-07-30 15:53:54.937589 200 12363
E 0.-1316936084 2009-07-30 15:53:54.937871
C 0.-1459198900 2009-07-30 15:53:54.938248
A 0.-1459198900 2009-07-30 15:53:54.942024 200 28192
E 0.-1459198900 2009-07-30 15:53:54.942355
C 0.-1459203636 2009-07-30 15:53:54.942714
A 0.-1459203636 2009-07-30 15:53:55.124368 200 72121
E 0.-1459203636 2009-07-30 15:53:55.124704
B 0.-1440558580 2009-07-30 15:53:55.210668 GET /js/photo.js
I 0.-1440558580 2009-07-30 15:53:55.211064 0
C 0.-1440558580 2009-07-30 15:53:55.211309
A 0.-1440558580 2009-07-30 15:53:55.214851 200 48461
E 0.-1440558580 2009-07-30 15:53:55.215188
B 0.-1449243764 2009-07-30 15:53:55.283181 GET /space-travelers/famous/spock.jpg
I 0.-1449243764 2009-07-30 15:53:55.283590 0
C 0.-1449243764 2009-07-30 15:53:55.283844
A 0.-1449243764 2009-07-30 15:53:55.299571 200 12363
E 0.-1449243764 2009-07-30 15:53:55.299816
B 0.-1450432884 2009-07-30 15:53:55.305871 GET /space-travelers/famous/kirk.jpg
I 0.-1450432884 2009-07-30 15:53:55.306209 0
C 0.-1450432884 2009-07-30 15:53:55.306458
A 0.-1450432884 2009-07-30 15:53:55.321748 200 12363
E 0.-1450432884 2009-07-30 15:53:55.321997
B 0.-1435269268 2009-07-30 15:53:55.369140 GET /stories/aliens-posing-as-humans.html
I 0.-1435269268 2009-07-30 15:53:55.369547 0
C 0.-1435269268 2009-07-30 15:53:55.369792
B 0.-1448404052 2009-07-30 15:53:55.473937 GET /space-travel/ships/soyuz.html
I 0.-1448404052 2009-07-30 15:53:55.474327 0
B 0.-1459223188 2009-07-30 15:53:55.759673 GET /space-travel/plans/signals.html
I 0.-1459223188 2009-07-30 15:53:55.760064 0
A 0.-1435269268 2009-07-30 15:53:56.249524 200 53951
E 0.-1435269268 2009-07-30 15:53:56.249867
C 0.-1448404052 2009-07-30 15:54:56.250269
A 0.-1448404052 2009-07-30 15:54:56.388066 404 50858
E 0.-1448404052 2009-07-30 15:54:56.388716
C 0.-1459223188 2009-07-30 15:54:56.389102
A 0.-1459223188 2009-07-30 15:54:56.392628 200 28192
E 0.-1459223188 2009-07-30 15:54:56.393049
B 0.-1332223444 2009-07-30 15:54:56.650638 GET /space-travel/plans/orbit.html
I 0.-1332223444 2009-07-30 15:54:56.651035 0
C 0.-1332223444 2009-07-30 15:54:56.651363
A 0.-1332223444 2009-07-30 15:54:56.655008 200 8190
E 0.-1332223444 2009-07-30 15:54:56.655206
B 0.-1414750484 2009-07-30 15:54:56.666147 GET /space-travel/plans/signals.html
I 0.-1414750484 2009-07-30 15:54:56.666988 0
C 0.-1414750484 2009-07-30 15:54:56.667249
A 0.-1414750484 2009-07-30 15:54:56.670341 304 0
E 0.-1414750484 2009-07-30 15:54:56.670491
B 0.-1459201556 2009-07-30 15:54:56.702162 GET /favicon.png
I 0.-1459201556 2009-07-30 15:54:56.702495 0
C 0.-1459201556 2009-07-30 15:54:56.702761
A 0.-1459201556 2009-07-30 15:54:56.835660 404 50859
E 0.-1459201556 2009-07-30 15:54:56.836354
B 0.-1452006804 2009-07-30 15:54:56.837006 GET /space-travel/plans/visor.jpg
I 0.-1452006804 2009-07-30 15:54:56.837398 0
B 0.-1451986836 2009-07-30 15:54:56.837899 GET /space-travel/plans/orbit.html
I 0.-1451986836 2009-07-30 15:54:56.838264 0
C 0.-1452006804 2009-07-30 15:54:56.838505
A 0.-1452006804 2009-07-30 15:54:56.842045 200 61967
E 0.-1452006804 2009-07-30 15:54:56.842451
